<?xml version="1.0" encoding="UTF-8"?>
<!-- Generated by org.testng.reporters.JUnitXMLReporter -->
<testsuite ignored="3" hostname="atchutarao" failures="0" tests="4" name="my test" time="0.098" errors="0" timestamp="2024-12-19T20:27:12 IST">
  <testcase classname="GroupExecution.grouphandling" name="Tc7" time="0.013"/>
  <testcase classname="GroupExecution.grouphandling" name="Tc1" time="0.003"/>
  <testcase classname="GroupExecution.grouphandling" name="Tc2" time="0.002"/>
  <testcase classname="GroupExecution.grouphandling" name="Tc3" time="0.003"/>
  <testcase classname="GroupExecution.grouphandling" name="Tc4" time="0.0">
    <ignored/>
  </testcase> <!-- Tc4 -->
  <testcase classname="GroupExecution.grouphandling" name="Tc5" time="0.0">
    <ignored/>
  </testcase> <!-- Tc5 -->
  <testcase classname="GroupExecution.grouphandling" name="Tc6" time="0.0">
    <ignored/>
  </testcase> <!-- Tc6 -->
</testsuite> <!-- my test -->
