<?xml version="1.0" encoding="UTF-8"?>
<testng-results ignored="0" total="4" passed="4" failed="0" skipped="0">
  <reporter-output>
  </reporter-output>
  <suite started-at="2024-12-19T20:27:12 IST" name="my suite" finished-at="2024-12-19T20:27:12 IST" duration-ms="98">
    <groups>
      <group name="abc">
        <method signature="grouphandling.Tc1()[pri:1, instance:GroupExecution.grouphandling@231f98ef]" name="Tc1" class="GroupExecution.grouphandling"/>
        <method signature="grouphandling.Tc2()[pri:2, instance:GroupExecution.grouphandling@231f98ef]" name="Tc2" class="GroupExecution.grouphandling"/>
        <method signature="grouphandling.Tc3()[pri:4, instance:GroupExecution.grouphandling@231f98ef]" name="Tc3" class="GroupExecution.grouphandling"/>
      </group> <!-- abc -->
    </groups>
    <test started-at="2024-12-19T20:27:12 IST" name="my test" finished-at="2024-12-19T20:27:12 IST" duration-ms="98">
      <class name="GroupExecution.grouphandling">
        <test-method signature="Tc7()[pri:0, instance:GroupExecution.grouphandling@231f98ef]" started-at="2024-12-19T20:27:12 IST" name="Tc7" finished-at="2024-12-19T20:27:12 IST" duration-ms="13" status="PASS">
          <reporter-output>
          </reporter-output>
        </test-method> <!-- Tc7 -->
        <test-method signature="Tc1()[pri:1, instance:GroupExecution.grouphandling@231f98ef]" started-at="2024-12-19T20:27:12 IST" name="Tc1" finished-at="2024-12-19T20:27:12 IST" duration-ms="3" status="PASS">
          <reporter-output>
          </reporter-output>
        </test-method> <!-- Tc1 -->
        <test-method signature="Tc2()[pri:2, instance:GroupExecution.grouphandling@231f98ef]" started-at="2024-12-19T20:27:12 IST" name="Tc2" finished-at="2024-12-19T20:27:12 IST" duration-ms="2" status="PASS">
          <reporter-output>
          </reporter-output>
        </test-method> <!-- Tc2 -->
        <test-method signature="Tc3()[pri:4, instance:GroupExecution.grouphandling@231f98ef]" started-at="2024-12-19T20:27:12 IST" name="Tc3" finished-at="2024-12-19T20:27:12 IST" duration-ms="3" status="PASS">
          <reporter-output>
          </reporter-output>
        </test-method> <!-- Tc3 -->
      </class> <!-- GroupExecution.grouphandling -->
    </test> <!-- my test -->
  </suite> <!-- my suite -->
</testng-results>
